<?xml version="1.0" encoding="UTF-8"?>
<testsuite xmlns:xsi="http://www.w3.org/2001/XMLSchema-instance" xsi:noNamespaceSchemaLocation="https://maven.apache.org/surefire/maven-surefire-plugin/xsd/surefire-test-report-3.0.xsd" version="3.0" name="com.awbd.configserver.ConfigServerApplicationTests" time="6.593" tests="1" errors="0" skipped="0" failures="0">
  <properties>
[...]
</properties>
  <testcase name="contextLoads" classname="com.awbd.configserver.ConfigServerApplicationTests" time="1.018">
    <system-out><![CDATA[01:26:59.166 [main] INFO org.springframework.test.context.support.AnnotationConfigContextLoaderUtils -- Could not detect default configuration classes for test class [com.awbd.configserver.ConfigServerApplicationTests]: ConfigServerApplicationTests does not declare any static, non-private, non-final, nested classes annotated with @Configuration.
01:26:59.261 [main] INFO org.springframework.boot.test.context.SpringBootTestContextBootstrapper -- Found @SpringBootConfiguration com.awbd.configserver.ConfigServerApplication for test class com.awbd.configserver.ConfigServerApplicationTests

  .   ____          _            __ _ _
 /\\ / ___'_ __ _ _(_)_ __  __ _ \ \ \ \
( ( )\___ | '_ | '_| | '_ \/ _` | \ \ \ \
 \\/  ___)| |_)| | | | | || (_| |  ) ) ) )
  '  |____| .__|_| |_|_| |_\__, | / / / /
 =========|_|==============|___/=/_/_/_/
 :: Spring Boot ::                (v3.2.5)

2024-06-27T01:26:59.817+03:00  INFO 111336 --- [config-server] [           main] c.a.c.ConfigServerApplicationTests       : Starting ConfigServerApplicationTests using Java 17.0.10 with PID 111336 (started by Diana in C:\Users\Diana\Facultate\Proiect2_AWDB\proiect2_awdb\config-server)
2024-06-27T01:26:59.819+03:00  INFO 111336 --- [config-server] [           main] c.a.c.ConfigServerApplicationTests       : The following 1 profile is active: "git"
2024-06-27T01:27:01.179+03:00  INFO 111336 --- [config-server] [           main] o.s.cloud.context.scope.GenericScope     : BeanFactory id=39e0c735-55ad-3e15-9345-d8880b6152e5
2024-06-27T01:27:04.567+03:00  INFO 111336 --- [config-server] [           main] c.a.c.ConfigServerApplicationTests       : Started ConfigServerApplicationTests in 5.154 seconds (process running for 6.014)
]]></system-out>
  </testcase>
</testsuite>